c:\users\351\documents\visual studio 2017\projects\cec20\menu2\release\vc141.pdb
c:\users\351\documents\visual studio 2017\projects\cec20\menu2\release\menu2dlg.obj
c:\users\351\documents\visual studio 2017\projects\cec20\menu2\release\menu2.obj
c:\users\351\documents\visual studio 2017\projects\cec20\menu2\release\dighelp.obj
c:\users\351\documents\visual studio 2017\projects\cec20\menu2\release\menu2.pch
c:\users\351\documents\visual studio 2017\projects\cec20\menu2\release\pch.obj
c:\users\351\documents\visual studio 2017\projects\cec20\menu2\release\about.obj
c:\users\351\documents\visual studio 2017\projects\cec20\release\menu2.exe
c:\users\351\documents\visual studio 2017\projects\cec20\release\menu2.pdb
c:\users\351\documents\visual studio 2017\projects\cec20\release\menu2.ipdb
c:\users\351\documents\visual studio 2017\projects\cec20\release\menu2.iobj
c:\users\351\documents\visual studio 2017\projects\cec20\menu2\release\menu2.res
c:\users\351\documents\visual studio 2017\projects\cec20\menu2\release\menu2.tlog\cl.command.1.tlog
c:\users\351\documents\visual studio 2017\projects\cec20\menu2\release\menu2.tlog\cl.read.1.tlog
c:\users\351\documents\visual studio 2017\projects\cec20\menu2\release\menu2.tlog\cl.write.1.tlog
c:\users\351\documents\visual studio 2017\projects\cec20\menu2\release\menu2.tlog\link.command.1.tlog
c:\users\351\documents\visual studio 2017\projects\cec20\menu2\release\menu2.tlog\link.read.1.tlog
c:\users\351\documents\visual studio 2017\projects\cec20\menu2\release\menu2.tlog\link.write.1.tlog
c:\users\351\documents\visual studio 2017\projects\cec20\menu2\release\menu2.tlog\menu2.write.1u.tlog
c:\users\351\documents\visual studio 2017\projects\cec20\menu2\release\menu2.tlog\rc.command.1.tlog
c:\users\351\documents\visual studio 2017\projects\cec20\menu2\release\menu2.tlog\rc.read.1.tlog
c:\users\351\documents\visual studio 2017\projects\cec20\menu2\release\menu2.tlog\rc.write.1.tlog
