c:\users\351\documents\visual studio 2017\projects\cec20\release\about.ipdb
c:\users\351\documents\visual studio 2017\projects\cec20\release\about.iobj
c:\users\351\documents\visual studio 2017\projects\cec20\about\release\about.pch
c:\users\351\documents\visual studio 2017\projects\cec20\about\release\vc141.pdb
c:\users\351\documents\visual studio 2017\projects\cec20\about\release\pch.obj
c:\users\351\documents\visual studio 2017\projects\cec20\about\release\aboutdlg.obj
c:\users\351\documents\visual studio 2017\projects\cec20\about\release\about.obj
c:\users\351\documents\visual studio 2017\projects\cec20\release\about.exe
c:\users\351\documents\visual studio 2017\projects\cec20\release\about.pdb
c:\users\351\documents\visual studio 2017\projects\cec20\about\release\about.res
c:\users\351\documents\visual studio 2017\projects\cec20\about\release\about.tlog\about.write.1u.tlog
c:\users\351\documents\visual studio 2017\projects\cec20\about\release\about.tlog\cl.command.1.tlog
c:\users\351\documents\visual studio 2017\projects\cec20\about\release\about.tlog\cl.read.1.tlog
c:\users\351\documents\visual studio 2017\projects\cec20\about\release\about.tlog\cl.write.1.tlog
c:\users\351\documents\visual studio 2017\projects\cec20\about\release\about.tlog\link.command.1.tlog
c:\users\351\documents\visual studio 2017\projects\cec20\about\release\about.tlog\link.read.1.tlog
c:\users\351\documents\visual studio 2017\projects\cec20\about\release\about.tlog\link.write.1.tlog
c:\users\351\documents\visual studio 2017\projects\cec20\about\release\about.tlog\rc.command.1.tlog
c:\users\351\documents\visual studio 2017\projects\cec20\about\release\about.tlog\rc.read.1.tlog
c:\users\351\documents\visual studio 2017\projects\cec20\about\release\about.tlog\rc.write.1.tlog
